[2026-01-09T22:48:50.785Z] Creating simple in-memory filesystem...
[2026-01-09T22:48:54.598Z] Creating file handle manager...
[2026-01-09T22:48:54.598Z] Creating async NFS handlers...
[2026-01-09T22:48:54.598Z] Creating NFS3 server...
[2026-01-09T22:48:54.599Z] Starting NFS server on port 13636...
[2026-01-09T22:48:54.600Z] NFS server is listening on port 13636
[2026-01-09T22:48:54.689Z] Stopping NFS server...
[2026-01-09T22:49:45.326Z] Creating simple in-memory filesystem...
[2026-01-09T22:49:45.329Z] Creating file handle manager...
[2026-01-09T22:49:45.329Z] Creating async NFS handlers...
[2026-01-09T22:49:45.329Z] Creating NFS3 server...
[2026-01-09T22:49:45.329Z] Starting NFS server on port 13636...
[2026-01-09T22:49:45.330Z] NFS server is listening on port 13636
[2026-01-09T22:49:45.409Z] Stopping NFS server...
[2026-01-09T22:50:36.637Z] Creating simple in-memory filesystem...
[2026-01-09T22:50:36.640Z] Creating file handle manager...
[2026-01-09T22:50:36.640Z] Creating async NFS handlers...
[2026-01-09T22:50:36.640Z] Creating NFS3 server...
[2026-01-09T22:50:36.641Z] Starting NFS server on port 13636...
[2026-01-09T22:50:36.641Z] NFS server is listening on port 13636
[2026-01-09T22:50:36.730Z] Stopping NFS server...
[2026-01-09T22:50:55.665Z] Creating simple in-memory filesystem...
[2026-01-09T22:50:55.667Z] Creating file handle manager...
[2026-01-09T22:50:55.667Z] Creating async NFS handlers...
[2026-01-09T22:50:55.667Z] Creating NFS3 server...
[2026-01-09T22:50:55.667Z] Starting NFS server on port 13636...
[2026-01-09T22:50:55.667Z] NFS server is listening on port 13636
[2026-01-09T22:50:55.768Z] Stopping NFS server...
[2026-01-09T22:50:59.626Z] Creating simple in-memory filesystem...
[2026-01-09T22:50:59.629Z] Creating file handle manager...
[2026-01-09T22:50:59.629Z] Creating async NFS handlers...
[2026-01-09T22:50:59.629Z] Creating NFS3 server...
[2026-01-09T22:50:59.629Z] Starting NFS server on port 13636...
[2026-01-09T22:50:59.629Z] NFS server is listening on port 13636
[2026-01-09T22:50:59.695Z] Stopping NFS server...
[2026-01-09T22:51:57.168Z] Creating simple in-memory filesystem...
[2026-01-09T22:51:57.170Z] Creating file handle manager...
[2026-01-09T22:51:57.170Z] Creating async NFS handlers...
[2026-01-09T22:51:57.170Z] Creating NFS3 server...
[2026-01-09T22:51:57.170Z] Starting NFS server on port 13636...
[2026-01-09T22:51:57.170Z] NFS server is listening on port 13636
[2026-01-09T22:51:57.240Z] Stopping NFS server...
[2026-01-09T22:53:30.694Z] Creating simple in-memory filesystem...
[2026-01-09T22:53:30.696Z] Creating file handle manager...
[2026-01-09T22:53:30.696Z] Creating async NFS handlers...
[2026-01-09T22:53:30.696Z] Creating NFS3 server...
[2026-01-09T22:53:30.696Z] Starting NFS server on port 13636...
[2026-01-09T22:53:30.697Z] NFS server is listening on port 13636
[2026-01-09T22:53:30.780Z] Stopping NFS server...
[2026-01-09T22:53:42.008Z] Creating simple in-memory filesystem...
[2026-01-09T22:55:08.460Z] Creating file handle manager...
[2026-01-09T22:55:08.462Z] Creating async NFS handlers...
[2026-01-09T22:55:08.462Z] Creating NFS3 server...
[2026-01-09T22:55:08.463Z] Starting NFS server on port 13636...
[2026-01-09T22:55:08.464Z] NFS server is listening on port 13636
[2026-01-09T22:55:08.484Z] Stopping NFS server...
[2026-01-09T22:55:15.505Z] Creating simple in-memory filesystem...
[2026-01-09T22:55:15.507Z] Creating file handle manager...
[2026-01-09T22:55:15.507Z] Creating async NFS handlers...
[2026-01-09T22:55:15.507Z] Creating NFS3 server...
[2026-01-09T22:55:15.507Z] Starting NFS server on port 13636...
[2026-01-09T22:55:15.507Z] NFS server is listening on port 13636
[2026-01-09T22:55:59.969Z] Stopping NFS server...
[2026-01-09T22:56:05.354Z] Stopping NFS server...
[2026-01-09T22:56:05.354Z] Stopping NFS server...
[2026-01-09T22:56:05.354Z] Stopping NFS server...
[2026-01-09T22:56:05.354Z] Stopping NFS server...
[2026-01-09T22:56:05.355Z] Stopping NFS server...
[2026-01-09T22:56:11.978Z] Creating simple in-memory filesystem...
[2026-01-09T22:56:11.980Z] Creating file handle manager...
[2026-01-09T22:56:11.980Z] Creating async NFS handlers...
[2026-01-09T22:56:11.980Z] Creating NFS3 server...
[2026-01-09T22:56:11.980Z] Starting NFS server on port 13636...
[2026-01-09T22:56:11.981Z] NFS server is listening on port 13636
[2026-01-09T22:57:55.313Z] Stopping NFS server...
[2026-01-09T22:58:13.610Z] Creating simple in-memory filesystem...
[2026-01-09T22:58:13.612Z] Creating file handle manager...
[2026-01-09T22:58:13.612Z] Creating async NFS handlers...
[2026-01-09T22:58:13.612Z] Creating NFS3 server...
[2026-01-09T22:58:13.612Z] Starting NFS server on port 13636...
[2026-01-09T22:58:13.612Z] NFS server is listening on port 13636
[2026-01-09T22:58:22.634Z] Stopping NFS server...
[2026-01-09T22:58:33.791Z] Creating simple in-memory filesystem...
[2026-01-09T22:58:33.793Z] Creating file handle manager...
[2026-01-09T22:58:33.793Z] Creating async NFS handlers...
[2026-01-09T22:58:33.793Z] Creating NFS3 server...
[2026-01-09T22:58:33.793Z] Starting NFS server on port 13636...
[2026-01-09T22:58:33.793Z] NFS server is listening on port 13636
[2026-01-09T23:01:58.419Z] Stopping NFS server...
[2026-01-09T23:01:58.420Z] Stopping NFS server...
[2026-01-09T23:02:05.509Z] Creating simple in-memory filesystem...
[2026-01-09T23:02:05.511Z] Creating file handle manager...
[2026-01-09T23:02:05.511Z] Creating async NFS handlers...
[2026-01-09T23:02:05.511Z] Creating NFS3 server...
[2026-01-09T23:02:05.511Z] Starting NFS server on port 13636...
[2026-01-09T23:02:05.511Z] NFS server is listening on port 13636
[2026-01-09T23:03:33.658Z] Stopping NFS server...
[2026-01-09T23:03:44.653Z] Creating simple in-memory filesystem...
[2026-01-09T23:03:44.655Z] Creating file handle manager...
[2026-01-09T23:03:44.655Z] Creating async NFS handlers...
[2026-01-09T23:03:44.655Z] Creating NFS3 server...
[2026-01-09T23:03:44.655Z] Starting NFS server on port 13636...
[2026-01-09T23:03:44.655Z] NFS server is listening on port 13636
[2026-01-09T23:04:13.520Z] Stopping NFS server...
[2026-01-09T23:07:56.335Z] Creating simple in-memory filesystem...
[2026-01-09T23:07:56.337Z] Creating file handle manager...
[2026-01-09T23:07:56.337Z] Creating async NFS handlers...
[2026-01-09T23:07:56.337Z] Creating NFS3 server...
[2026-01-09T23:07:56.337Z] Starting NFS server on port 13636...
[2026-01-09T23:07:56.337Z] NFS server is listening on port 13636
[2026-01-09T23:08:39.908Z] Stopping NFS server...
[2026-01-09T23:08:44.171Z] Creating simple in-memory filesystem...
[2026-01-09T23:08:44.174Z] Creating file handle manager...
[2026-01-09T23:08:44.174Z] Creating async NFS handlers...
[2026-01-09T23:08:44.174Z] Creating NFS3 server...
[2026-01-09T23:08:44.174Z] Starting NFS server on port 13636...
[2026-01-09T23:08:44.174Z] NFS server is listening on port 13636
[2026-01-09T23:08:53.323Z] Stopping NFS server...
[2026-01-09T23:09:52.138Z] Creating simple in-memory filesystem...
[2026-01-09T23:09:52.140Z] Creating file handle manager...
[2026-01-09T23:09:52.140Z] Creating async NFS handlers...
[2026-01-09T23:09:52.140Z] Creating NFS3 server...
[2026-01-09T23:09:52.140Z] Starting NFS server on port 13636...
[2026-01-09T23:09:52.140Z] NFS server is listening on port 13636
[2026-01-09T23:11:19.965Z] Stopping NFS server...
